ZiLOG ZNeo ANSI C Compiler Version 1.10	Mar  1 2011	23:16:23	page: 1
Local	Global	File: C:\USERS\MATT\DOCUMENTS\CSCI-4415-LABS\HARLAN-LAB3\BUTTONS.C

     1	    1	#include "buttons.h"
     2	   16	#include "timer.h"
     3	   95	#include "macro.h"
     4	  116	
     5	  117	#include <zneo.h>
     6	  643	
     7	  644	#define DEBOUNCE_CUTOFF     40 	//40 ms
     8	  645	#define BUTTON_TWICE_CUTOFF 500	//500 ms
     9	  646	
    10	  647	#define BUTTON_NONE  0xC8
    11	  648	#define BUTTON_ONE   0xC0
    12	  649	#define BUTTON_TWO   0x88
    13	  650	#define BUTTON_THREE 0x48
    14	  651	
    15	  652	#define BUTTON_PRESSED     1
    16	  653	#define BUTTON_NOT_PRESSED 0
    17	  654	
    18	  655	static volatile int button_timer;
    19	  656	static int debounce_cutoff;
    20	  657	static volatile int button_twice_timer;
    21	  658	static int button_twice_cutoff;
    22	  659	
    23	  660	static volatile unsigned char last_button;
    24	  661	static volatile unsigned char current;
    25	  662	static volatile unsigned char previous;
    26	  663	static volatile unsigned short button_state;
    27	  664	
    28	  665	static void handle_button_events(void);
    29	  666	
    30	  667	/*
    31	  668		Initializes the buttons.
    32	  669	 */
    33	  670	void init_buttons(void)
    34	  671	{
    35	  672		//set as inputs
    36	  673		PDDD |= BUTTON_ONE;
    37	  674		PFDD |= BUTTON_TWO + BUTTON_THREE;
    38	  675	
    39	  676		current = BUTTON_NONE;
    40	  677		previous = BUTTON_NONE;
    41	  678		button_state = BUTTON_NOT_PRESSED;
    42	  679		last_button = BUTTON_NONE;
    43	  680	
    44	  681		button_timer = 0;
    45	  682		debounce_cutoff = DEBOUNCE_CUTOFF;
    46	  683	
    47	  684		button_twice_timer = 0;
    48	  685		button_twice_cutoff = BUTTON_TWICE_CUTOFF;
    49	  686	}
    50	  687	
    51	  688	/*
    52	  689		Processes button events.
    53	  690	 */
    54	  691	void button_events(void)
    55	  692	{
ZiLOG ZNeo ANSI C Compiler Version 1.10	Mar  1 2011	23:16:23	page: 2
Local	Global	File: C:\USERS\MATT\DOCUMENTS\CSCI-4415-LABS\HARLAN-LAB3\BUTTONS.C

    56	  693		button_timer += timer_interval_int();
    57	  694	
    58	  695		if(button_twice_timer >= button_twice_cutoff) {
    59	  696			button_twice_timer = 0;
    60	  697			last_button = BUTTON_NONE;
    61	  698		}
    62	  699		else if(button_twice_timer > 0) {
    63	  700			button_twice_timer += timer_interval_int();
    64	  701		}
    65	  702	
    66	  703		//check buttons every debounce interval
    67	  704		if(button_timer >= debounce_cutoff) {
    68	  705			button_timer = 0;
    69	  706			
    70	  707			previous = current;
    71	  708			current = (PDIN & 0x08) | (PFIN & 0xC0);	//gets the state of all buttons
    72	  709			
    73	  710			if(current == previous) {
    74	  711				if(current != BUTTON_NONE) {
    75	  712					if(button_state == BUTTON_NOT_PRESSED) {
    76	  713						button_state = BUTTON_PRESSED;
    77	  714						handle_button_events();
    78	  715					}
    79	  716				}
    80	  717				else if(button_state == BUTTON_PRESSED) {
    81	  718					button_twice_timer += timer_interval_int();
    82	  719					button_state = BUTTON_NOT_PRESSED;
    83	  720				}
    84	  721			}
    85	  722		}
    86	  723	}
    87	  724	
    88	  725	/*
    89	  726		Handles the button event.
    90	  727	 */
    91	  728	static void handle_button_events(void)
    92	  729	{
    93	  730		if(current == BUTTON_ONE) {
    94	  731			if(button_twice_timer && (last_button == BUTTON_ONE)) {
    95	  732				button_twice_timer = 0;
    96	  733				last_button = BUTTON_NONE;
    97	  734			}
    98	  735			else {
    99	  736				last_button = BUTTON_ONE;
   100	  737	
   101	  738				macro_execute(MACRO0);
   102	  739			}
   103	  740		}
   104	  741		else if(current == BUTTON_TWO) {
   105	  742			if(button_twice_timer && (last_button == BUTTON_TWO)) {
   106	  743				button_twice_timer = 0;
   107	  744				last_button = BUTTON_NONE;
   108	  745			}
   109	  746			else {
   110	  747				last_button = BUTTON_TWO;
ZiLOG ZNeo ANSI C Compiler Version 1.10	Mar  1 2011	23:16:23	page: 3
Local	Global	File: C:\USERS\MATT\DOCUMENTS\CSCI-4415-LABS\HARLAN-LAB3\BUTTONS.C

   111	  748	
   112	  749				macro_execute(MACRO1);
   113	  750			}
   114	  751		}
   115	  752		else if(current == BUTTON_THREE) {
   116	  753			if(button_twice_timer && (last_button == BUTTON_THREE)) {
   117	  754				button_twice_timer = 0;
   118	  755				last_button = BUTTON_NONE;
   119	  756			}
   120	  757			else {
   121	  758				last_button = BUTTON_THREE;
   122	  759	
   123	  760				macro_execute(MACRO2);
   124	  761			}
   125	  762		}
   126	  763		//don't do anything if multiple buttons are pressed
   127	  764		else {
   128	  765			button_state = BUTTON_NOT_PRESSED;
   129	  766		}
   130	  767	}
   131	  768	ÿ
